2018-07-17 10:14:04,093 +0100 [main] INFO  (Main.java:20) - TEST: this program tests OrderManager
2018-07-17 10:14:04,202 +0100 [Client 2] INFO  (SampleClient.java:44) - OM connected to client port 2001
2018-07-17 10:14:04,202 +0100 [Client 1] INFO  (SampleClient.java:44) - OM connected to client port 2000
2018-07-17 10:14:04,259 +0100 [Order Manager] INFO  (OrderManager.java:133) - Order Manager calling newOrderSingle
2018-07-17 10:14:04,276 +0100 [Client 1] INFO  (SampleClient.java:121) - Client 1 received fix message: 11=0;35=A;39=A;
2018-07-17 10:14:04,280 +0100 [Order Manager] INFO  (OrderManager.java:133) - Order Manager calling newOrderSingle
2018-07-17 10:14:04,282 +0100 [Client 2] INFO  (SampleClient.java:121) - Client 2 received fix message: 11=0;35=A;39=A;
2018-07-17 10:14:04,286 +0100 [Order Manager] INFO  (OrderManager.java:133) - Order Manager calling newOrderSingle
2018-07-17 10:14:04,289 +0100 [Client 2] INFO  (SampleClient.java:159) - Client 2 called newOrderSingleAcknowledgement
2018-07-17 10:14:04,289 +0100 [Client 1] INFO  (SampleClient.java:159) - Client 1 called newOrderSingleAcknowledgement
2018-07-17 10:14:04,290 +0100 [Client 1] INFO  (SampleClient.java:121) - Client 1 received fix message: 11=1;35=A;39=A;
2018-07-17 10:14:04,290 +0100 [Client 1] INFO  (SampleClient.java:159) - Client 1 called newOrderSingleAcknowledgement
2018-07-17 10:14:05,188 +0100 [Trader James] INFO  (Trader.java:39) - Trader James calling: newOrder
2018-07-17 10:14:07,329 +0100 [Trader James] INFO  (Trader.java:39) - Trader James calling: newOrder
2018-07-17 10:14:07,329 +0100 [Order Manager] INFO  (OrderManager.java:310) - Order Manager calling acceptOrder
2018-07-17 10:14:07,333 +0100 [Client 1] INFO  (SampleClient.java:121) - Client 1 received fix message: 11=0;35=A;39=0
2018-07-17 10:14:07,335 +0100 [Client 1] INFO  (SampleClient.java:159) - Client 1 called newOrderSingleAcknowledgement
2018-07-17 10:14:09,464 +0100 [Order Manager] INFO  (OrderManager.java:310) - Order Manager calling acceptOrder
2018-07-17 10:14:09,464 +0100 [Trader James] INFO  (Trader.java:39) - Trader James calling: newOrder
2018-07-17 10:14:09,464 +0100 [Client 2] INFO  (SampleClient.java:121) - Client 2 received fix message: 11=0;35=A;39=0
2018-07-17 10:14:09,465 +0100 [Client 2] INFO  (SampleClient.java:159) - Client 2 called newOrderSingleAcknowledgement
2018-07-17 10:14:11,599 +0100 [Order Manager] INFO  (OrderManager.java:310) - Order Manager calling acceptOrder
2018-07-17 10:14:11,599 +0100 [Trader James] INFO  (Trader.java:39) - Trader James calling: price
2018-07-17 10:14:11,599 +0100 [Client 1] INFO  (SampleClient.java:121) - Client 1 received fix message: 11=1;35=A;39=0
2018-07-17 10:14:11,599 +0100 [Client 1] INFO  (SampleClient.java:159) - Client 1 called newOrderSingleAcknowledgement
2018-07-17 10:14:13,735 +0100 [Order Manager] INFO  (OrderManager.java:310) - Order Manager calling sliceOrder
2018-07-17 10:14:13,735 +0100 [Trader James] INFO  (Trader.java:39) - Trader James calling: price
2018-07-17 10:14:13,749 +0100 [Router LSE] INFO  (SampleRouter.java:60) - Order Router received method call for:priceAtSize
2018-07-17 10:14:13,749 +0100 [Router BATE] INFO  (SampleRouter.java:60) - Order Router received method call for:priceAtSize
2018-07-17 10:14:13,755 +0100 [Order Manager] INFO  (OrderManager.java:217) - Order Manager calling bestPrice
2018-07-17 10:14:13,756 +0100 [Order Manager] INFO  (OrderManager.java:217) - Order Manager calling bestPrice
2018-07-17 10:14:13,855 +0100 [Router LSE] INFO  (SampleRouter.java:60) - Order Router received method call for:routeOrder
2018-07-17 10:14:13,899 +0100 [Order Manager] INFO  (OrderManager.java:217) - Order Manager calling newFill
2018-07-17 10:14:15,870 +0100 [Order Manager] INFO  (OrderManager.java:310) - Order Manager calling sliceOrder
2018-07-17 10:14:15,870 +0100 [Trader James] INFO  (Trader.java:39) - Trader James calling: price
2018-07-17 10:14:15,913 +0100 [Router LSE] INFO  (SampleRouter.java:60) - Order Router received method call for:priceAtSize
2018-07-17 10:14:15,914 +0100 [Order Manager] INFO  (OrderManager.java:217) - Order Manager calling bestPrice
2018-07-17 10:14:15,970 +0100 [Router BATE] INFO  (SampleRouter.java:60) - Order Router received method call for:priceAtSize
2018-07-17 10:14:15,970 +0100 [Order Manager] INFO  (OrderManager.java:217) - Order Manager calling bestPrice
2018-07-17 10:14:16,071 +0100 [Router BATE] INFO  (SampleRouter.java:60) - Order Router received method call for:routeOrder
2018-07-17 10:14:16,113 +0100 [Order Manager] INFO  (OrderManager.java:217) - Order Manager calling newFill
2018-07-17 10:14:18,005 +0100 [Order Manager] INFO  (OrderManager.java:310) - Order Manager calling sliceOrder
2018-07-17 10:14:18,005 +0100 [Trader James] INFO  (Trader.java:39) - Trader James calling: fill
2018-07-17 10:14:18,006 +0100 [Trader James] INFO  (Trader.java:39) - Trader James calling: fill
2018-07-17 10:14:18,025 +0100 [Router BATE] INFO  (SampleRouter.java:60) - Order Router received method call for:priceAtSize
2018-07-17 10:14:18,026 +0100 [Order Manager] INFO  (OrderManager.java:217) - Order Manager calling bestPrice
2018-07-17 10:14:18,034 +0100 [Router LSE] INFO  (SampleRouter.java:60) - Order Router received method call for:priceAtSize
2018-07-17 10:14:18,034 +0100 [Order Manager] INFO  (OrderManager.java:217) - Order Manager calling bestPrice
2018-07-17 10:14:18,127 +0100 [Router BATE] INFO  (SampleRouter.java:60) - Order Router received method call for:routeOrder
2018-07-17 10:14:18,170 +0100 [Order Manager] INFO  (OrderManager.java:217) - Order Manager calling newFill
2018-07-17 10:14:19,007 +0100 [Trader James] INFO  (Trader.java:39) - Trader James calling: fill
2018-07-17 10:16:13,676 +0100 [main] INFO  (Main.java:20) - TEST: this program tests OrderManager
2018-07-17 10:16:14,049 +0100 [Client 1] INFO  (SampleClient.java:44) - OM connected to client port 2000
2018-07-17 10:16:14,060 +0100 [Client 2] INFO  (SampleClient.java:44) - OM connected to client port 2001
2018-07-17 10:16:14,148 +0100 [Order Manager] INFO  (OrderManager.java:133) - Order Manager calling newOrderSingle
2018-07-17 10:16:14,186 +0100 [Order Manager] INFO  (OrderManager.java:133) - Order Manager calling newOrderSingle
2018-07-17 10:16:14,189 +0100 [Order Manager] INFO  (OrderManager.java:133) - Order Manager calling newOrderSingle
2018-07-17 10:16:14,204 +0100 [Client 1] INFO  (SampleClient.java:121) - Client 1 received fix message: 11=0;35=A;39=A;
2018-07-17 10:16:14,239 +0100 [Client 2] INFO  (SampleClient.java:121) - Client 2 received fix message: 11=0;35=A;39=A;
2018-07-17 10:16:14,249 +0100 [Client 2] INFO  (SampleClient.java:159) - Client 2 called newOrderSingleAcknowledgement
2018-07-17 10:16:14,253 +0100 [Client 1] INFO  (SampleClient.java:159) - Client 1 called newOrderSingleAcknowledgement
2018-07-17 10:16:14,254 +0100 [Client 1] INFO  (SampleClient.java:121) - Client 1 received fix message: 11=1;35=A;39=A;
2018-07-17 10:16:14,258 +0100 [Client 1] INFO  (SampleClient.java:159) - Client 1 called newOrderSingleAcknowledgement
2018-07-17 10:16:15,012 +0100 [Trader James] INFO  (Trader.java:39) - Trader James calling: newOrder
2018-07-17 10:16:17,151 +0100 [Trader James] INFO  (Trader.java:39) - Trader James calling: newOrder
2018-07-17 10:16:17,151 +0100 [Order Manager] INFO  (OrderManager.java:310) - Order Manager calling acceptOrder
2018-07-17 10:16:17,165 +0100 [Client 2] INFO  (SampleClient.java:121) - Client 2 received fix message: 11=0;35=A;39=0
2018-07-17 10:16:17,167 +0100 [Client 2] INFO  (SampleClient.java:159) - Client 2 called newOrderSingleAcknowledgement
2018-07-17 10:16:19,293 +0100 [Order Manager] INFO  (OrderManager.java:310) - Order Manager calling acceptOrder
2018-07-17 10:16:19,294 +0100 [Client 1] INFO  (SampleClient.java:121) - Client 1 received fix message: 11=0;35=A;39=0
2018-07-17 10:16:19,295 +0100 [Client 1] INFO  (SampleClient.java:159) - Client 1 called newOrderSingleAcknowledgement
2018-07-17 10:16:19,293 +0100 [Trader James] INFO  (Trader.java:39) - Trader James calling: newOrder
2018-07-17 10:16:21,433 +0100 [Order Manager] INFO  (OrderManager.java:310) - Order Manager calling acceptOrder
2018-07-17 10:16:21,433 +0100 [Trader James] INFO  (Trader.java:39) - Trader James calling: price
2018-07-17 10:16:21,434 +0100 [Client 1] INFO  (SampleClient.java:121) - Client 1 received fix message: 11=1;35=A;39=0
2018-07-17 10:16:21,435 +0100 [Client 1] INFO  (SampleClient.java:159) - Client 1 called newOrderSingleAcknowledgement
2018-07-17 10:16:23,570 +0100 [Order Manager] INFO  (OrderManager.java:310) - Order Manager calling sliceOrder
2018-07-17 10:16:23,570 +0100 [Trader James] INFO  (Trader.java:39) - Trader James calling: price
2018-07-17 10:16:23,597 +0100 [Router LSE] INFO  (SampleRouter.java:60) - Order Router received method call for:priceAtSize
2018-07-17 10:16:23,598 +0100 [Order Manager] INFO  (OrderManager.java:217) - Order Manager calling bestPrice
2018-07-17 10:16:23,603 +0100 [Router BATE] INFO  (SampleRouter.java:60) - Order Router received method call for:priceAtSize
2018-07-17 10:16:23,604 +0100 [Order Manager] INFO  (OrderManager.java:217) - Order Manager calling bestPrice
2018-07-17 10:16:23,706 +0100 [Router BATE] INFO  (SampleRouter.java:60) - Order Router received method call for:routeOrder
2018-07-17 10:16:23,751 +0100 [Order Manager] INFO  (OrderManager.java:217) - Order Manager calling newFill
